#
# There is insufficient memory for the Java Runtime Environment to continue.
# Native memory allocation (mmap) failed to map 130023424 bytes for Failed to commit area from 0x0000000084c00000 to 0x000000008c800000 of length 130023424.
# Possible reasons:
#   The system is out of physical RAM or swap space
#   The process is running with CompressedOops enabled, and the Java Heap may be blocking the growth of the native heap
# Possible solutions:
#   Reduce memory load on the system
#   Increase physical memory or swap space
#   Check if swap backing store is full
#   Decrease Java heap size (-Xmx/-Xms)
#   Decrease number of Java threads
#   Decrease Java thread stack sizes (-Xss)
#   Set larger code cache with -XX:ReservedCodeCacheSize=
# This output file may be truncated or incomplete.
#
#  Out of Memory Error (./src/hotspot/os/windows/os_windows.cpp:3301), pid=18264, tid=18904
#
# JRE version:  (11.0.11+9) (build )
# Java VM: OpenJDK 64-Bit Server VM (11.0.11+9-b60-7590822, mixed mode, sharing, tiered, compressed oops, g1 gc, windows-amd64)
# No core dump will be written. Minidumps are not enabled by default on client versions of Windows
#

---------------  S U M M A R Y ------------

Command Line: org.jetbrains.git4idea.http.GitAskPassApp Username for 'https://github.com': 

Host: 11th Gen Intel(R) Core(TM) i7-1165G7 @ 2.80GHz, 8 cores, 7G,  Windows 10 , 64 bit Build 22000 (10.0.22000.434)
Time: Wed Feb  9 23:12:01 2022 SE Asia Standard Time elapsed time: 0.026683 seconds (0d 0h 0m 0s)

---------------  T H R E A D  ---------------

Current thread (0x000001d473223800):  JavaThread "Unknown thread" [_thread_in_vm, id=18904, stack(0x00000086fef00000,0x00000086ff000000)]

Stack: [0x00000086fef00000,0x00000086ff000000]
Native frames: (J=compiled Java code, j=interpreted, Vv=VM code, C=native code)
V  [jvm.dll+0x5f214a]
V  [jvm.dll+0x726fb5]
V  [jvm.dll+0x7285cd]
V  [jvm.dll+0x728c83]
V  [jvm.dll+0x243278]
V  [jvm.dll+0x5ef544]
V  [jvm.dll+0x5e4495]
V  [jvm.dll+0x2fec5b]
V  [jvm.dll+0x2febca]
V  [jvm.dll+0x2feaa2]
V  [jvm.dll+0x303986]
V  [jvm.dll+0x34c3a3]
V  [jvm.dll+0x34caa6]
V  [jvm.dll+0x34c4a3]
V  [jvm.dll+0x2d9688]
V  [jvm.dll+0x2da837]
V  [jvm.dll+0x705ba7]
V  [jvm.dll+0x70739c]
V  [jvm.dll+0x3598f9]
V  [jvm.dll+0x6e931e]
V  [jvm.dll+0x3c1c43]
V  [jvm.dll+0x3c3e81]
C  [jli.dll+0x5373]
C  [ucrtbase.dll+0x26c0c]
C  [KERNEL32.DLL+0x154e0]
C  [ntdll.dll+0x485b]


---------------  P R O C E S S  ---------------

Threads class SMR info:
_java_thread_list=0x000001d4711822b0, length=0, elements={
}

Java Threads: ( => current thread )

Other Threads:
  0x000001d47125c000 GCTaskThread "GC Thread#0" [stack: 0x00000086ff000000,0x00000086ff100000] [id=1272]
  0x000001d473266000 ConcurrentGCThread "G1 Main Marker" [stack: 0x00000086ff100000,0x00000086ff200000] [id=13116]
  0x000001d473268800 ConcurrentGCThread "G1 Conc#0" [stack: 0x00000086ff200000,0x00000086ff300000] [id=17368]

[error occurred during error reporting (printing all threads), id 0xc0000005, EXCEPTION_ACCESS_VIOLATION (0xc0000005) at pc=0x00007ff97b7d9c47]

VM state:not at safepoint (not fully initialized)

VM Mutex/Monitor currently owned by a thread:  ([mutex/lock_event])
[0x000001d473220c20] Heap_lock - owner thread: 0x000001d473223800

Heap address: 0x0000000084c00000, size: 1972 MB, Compressed Oops mode: Non-zero based: 0x0000000084c00000
Narrow klass base: 0x0000000000000000, Narrow klass shift: 0

GC Heap History (0 events):
No events

Deoptimization events (0 events):
No events

Classes redefined (0 events):
No events

Internal exceptions (0 events):
No events

Events (1 events):
Event: 0.012 Loaded shared library C:\Program Files\Android\Android Studio\jre\bin\zip.dll


Dynamic libraries:
0x00007ff735620000 - 0x00007ff73562a000 	C:\Program Files\Android\Android Studio\jre\bin\java.exe
0x00007ffa02000000 - 0x00007ffa02207000 	C:\WINDOWS\SYSTEM32\ntdll.dll
0x00007ffa00da0000 - 0x00007ffa00e5d000 	C:\WINDOWS\System32\KERNEL32.DLL
0x00007ff9ff840000 - 0x00007ff9ffbb4000 	C:\WINDOWS\System32\KERNELBASE.dll
0x00007ff9ff660000 - 0x00007ff9ff771000 	C:\WINDOWS\System32\ucrtbase.dll
0x00007ff9ebb70000 - 0x00007ff9ebb87000 	C:\Program Files\Android\Android Studio\jre\bin\VCRUNTIME140.dll
0x00007ff9ea560000 - 0x00007ff9ea579000 	C:\Program Files\Android\Android Studio\jre\bin\jli.dll
0x00007ff9fff10000 - 0x00007ffa000bc000 	C:\WINDOWS\System32\USER32.dll
0x00007ff9e7830000 - 0x00007ff9e7ad5000 	C:\WINDOWS\WinSxS\amd64_microsoft.windows.common-controls_6595b64144ccf1df_6.0.22000.120_none_9d947278b86cc467\COMCTL32.dll
0x00007ff9ffe70000 - 0x00007ff9ffe96000 	C:\WINDOWS\System32\win32u.dll
0x00007ffa004e0000 - 0x00007ffa00583000 	C:\WINDOWS\System32\msvcrt.dll
0x00007ffa00260000 - 0x00007ffa00289000 	C:\WINDOWS\System32\GDI32.dll
0x00007ff9ffbc0000 - 0x00007ff9ffcd2000 	C:\WINDOWS\System32\gdi32full.dll
0x00007ff9ffd60000 - 0x00007ff9ffdfd000 	C:\WINDOWS\System32\msvcp_win.dll
0x00007ffa00fc0000 - 0x00007ffa00ff1000 	C:\WINDOWS\System32\IMM32.DLL
0x00007ff984480000 - 0x00007ff98451d000 	C:\Program Files\Android\Android Studio\jre\bin\msvcp140.dll
0x00007ff97b4f0000 - 0x00007ff97bfc5000 	C:\Program Files\Android\Android Studio\jre\bin\server\jvm.dll
0x00007ffa001b0000 - 0x00007ffa0025e000 	C:\WINDOWS\System32\ADVAPI32.dll
0x00007ffa01120000 - 0x00007ffa011be000 	C:\WINDOWS\System32\sechost.dll
0x00007ffa00770000 - 0x00007ffa00890000 	C:\WINDOWS\System32\RPCRT4.dll
0x00007ffa00760000 - 0x00007ffa00768000 	C:\WINDOWS\System32\PSAPI.DLL
0x00007ff9fa020000 - 0x00007ff9fa053000 	C:\WINDOWS\SYSTEM32\WINMM.dll
0x00007ff9f1c10000 - 0x00007ff9f1c19000 	C:\WINDOWS\SYSTEM32\WSOCK32.dll
0x00007ff9f9bf0000 - 0x00007ff9f9bfa000 	C:\WINDOWS\SYSTEM32\VERSION.dll
0x00007ffa00f50000 - 0x00007ffa00fbf000 	C:\WINDOWS\System32\WS2_32.dll
0x00007ff9fe6e0000 - 0x00007ff9fe6f8000 	C:\WINDOWS\SYSTEM32\kernel.appcore.dll
0x00007ff9fa6d0000 - 0x00007ff9fa6e1000 	C:\Program Files\Android\Android Studio\jre\bin\verify.dll
0x00007ff9fcdb0000 - 0x00007ff9fcfd1000 	C:\WINDOWS\SYSTEM32\DBGHELP.DLL
0x00007ff9f8870000 - 0x00007ff9f88a1000 	C:\WINDOWS\SYSTEM32\dbgcore.DLL
0x00007ff9ffce0000 - 0x00007ff9ffd5f000 	C:\WINDOWS\System32\bcryptPrimitives.dll
0x00007ff9fa6a0000 - 0x00007ff9fa6c9000 	C:\Program Files\Android\Android Studio\jre\bin\java.dll
0x00007ff9fb5c0000 - 0x00007ff9fb5cb000 	C:\Program Files\Android\Android Studio\jre\bin\jimage.dll
0x00007ff9ebb50000 - 0x00007ff9ebb68000 	C:\Program Files\Android\Android Studio\jre\bin\zip.dll

dbghelp: loaded successfully - version: 4.0.5 - missing functions: none
symbol engine: initialized successfully - sym options: 0x614 - pdb path: .;C:\Program Files\Android\Android Studio\jre\bin;C:\WINDOWS\SYSTEM32;C:\WINDOWS\WinSxS\amd64_microsoft.windows.common-controls_6595b64144ccf1df_6.0.22000.120_none_9d947278b86cc467;C:\Program Files\Android\Android Studio\jre\bin\server

VM Arguments:
java_command: org.jetbrains.git4idea.http.GitAskPassApp Username for 'https://github.com': 
java_class_path (initial): C:/Program Files/Android/Android Studio/plugins/git4idea/lib/git4idea-rt.jar;C:/Program Files/Android/Android Studio/lib/xmlrpc-2.0.1.jar;C:/Program Files/Android/Android Studio/lib/commons-codec-1.15.jar
Launcher Type: SUN_STANDARD

[Global flags]
     intx CICompilerCount                          = 4                                         {product} {ergonomic}
     uint ConcGCThreads                            = 2                                         {product} {ergonomic}
     uint G1ConcRefinementThreads                  = 8                                         {product} {ergonomic}
   size_t G1HeapRegionSize                         = 1048576                                   {product} {ergonomic}
    uintx GCDrainStackTargetSize                   = 64                                        {product} {ergonomic}
   size_t InitialHeapSize                          = 130023424                                 {product} {ergonomic}
   size_t MarkStackSize                            = 4194304                                   {product} {ergonomic}
   size_t MaxHeapSize                              = 2067791872                                {product} {ergonomic}
   size_t MinHeapDeltaBytes                        = 1048576                                   {product} {ergonomic}
    uintx NonNMethodCodeHeapSize                   = 5836300                                {pd product} {ergonomic}
    uintx NonProfiledCodeHeapSize                  = 122910970                              {pd product} {ergonomic}
    uintx ProfiledCodeHeapSize                     = 122910970                              {pd product} {ergonomic}
    uintx ReservedCodeCacheSize                    = 251658240                              {pd product} {ergonomic}
     bool SegmentedCodeCache                       = true                                      {product} {ergonomic}
     bool UseCompressedClassPointers               = true                                 {lp64_product} {ergonomic}
     bool UseCompressedOops                        = true                                 {lp64_product} {ergonomic}
     bool UseG1GC                                  = true                                      {product} {ergonomic}
     bool UseLargePagesIndividualAllocation        = false                                  {pd product} {ergonomic}

Logging:
Log output configuration:
 #0: stdout all=warning uptime,level,tags
 #1: stderr all=off uptime,level,tags

Environment Variables:
JAVA_HOME=C:\Program Files\Java\jre1.8.0_311
PATH=C:\Program Files\Git\mingw64\libexec\git-core;C:\Program Files\Git\mingw64\libexec\git-core;C:\Program Files\Git\mingw64\bin;C:\Program Files\Git\usr\bin;C:\Users\ASUS\bin;C:\Program Files (x86)\Common Files\Oracle\Java\javapath;C:\Program Files (x86)\Common Files\Intel\Shared Files\cpp\bin\Intel64;C:\Windows\system32;C:\Windows;C:\Windows\System32\Wbem;C:\Windows\System32\WindowsPowerShell\v1.0;C:\Windows\System32\OpenSSH;C:\Program Files (x86)\NVIDIA Corporation\PhysX\Common;C:\Program Files\Microsoft VS Code\bin;C:\Program Files\Java\jdk1.8.0_291\bin;C:\Program Files\Git\cmd;C:\Program Files\PostgreSQL\13\bin;C:\Program Files\Memurai;C:\Program Files\Calibre2;C:\xampp\php;C:\ProgramData\ComposerSetup\bin;C:\WINDOWS\system32;C:\WINDOWS;C:\WINDOWS\System32\Wbem;C:\WINDOWS\System32\WindowsPowerShell\v1.0;C:\WINDOWS\System32\OpenSSH;C:\Program Files\nodejs;C:\src\flutter\bin;C:\Users\ASUS\AppData\Local\Programs\Python\Python39\Scripts;C:\Users\ASUS\AppData\Local\Programs\Python\Python39;C:\Users\ASUS\AppData\Local\Microsoft\WindowsApps;C:\Users\ASUS\AppData\Roaming\Composer\vendor\bin;C:\Program Files\JetBrains\IntelliJ IDEA Community Edition 2021.3.1\bin;C:\Users\ASUS\AppData\Roaming\npm;C:\src\flutter\bin
USERNAME=ASUS
DISPLAY=:0.0
LC_ALL=en_US.UTF-8
OS=Windows_NT
PROCESSOR_IDENTIFIER=Intel64 Family 6 Model 140 Stepping 1, GenuineIntel



---------------  S Y S T E M  ---------------

OS: Windows 10 , 64 bit Build 22000 (10.0.22000.434)
OS uptime: 0 days 7:33 hours

CPU:total 8 (initial active 8) (4 cores per cpu, 2 threads per core) family 6 model 140 stepping 1 microcode 0x86, cmov, cx8, fxsr, mmx, sse, sse2, sse3, ssse3, sse4.1, sse4.2, popcnt, avx, avx2, aes, clmul, erms, 3dnowpref, lzcnt, ht, tsc, tscinvbit, bmi1, bmi2, adx, evex, sha, fma

Memory: 4k page, system-wide physical 7884M (293M free)
TotalPageFile size 31242M (AvailPageFile size 75M)
current process WorkingSet (physical memory assigned to process): 10M, peak: 10M
current process commit charge ("private bytes"): 59M, peak: 183M

vm_info: OpenJDK 64-Bit Server VM (11.0.11+9-b60-7590822) for windows-amd64 JRE (11.0.11+9-b60-7590822), built on Jul 29 2021 21:43:44 by "builder" with MS VC++ 14.0 (VS2015)

END.
